<?xml version="1.0" encoding="UTF-8"?>
<!-- Generated by org.testng.reporters.JUnitReportReporter -->
<testsuite skipped="0" hostname="DESKTOP-FPS6ST8" name="TestCases.LogInParametizedDataProvider" tests="2" failures="0" timestamp="2021-08-10T14:51:04 GET" time="9.680" errors="0">
  <testcase name="LogInPageParametize" time="7.609" classname="TestCases.LogInParametizedDataProvider"/>
  <system-out/>
  <testcase name="LogInPageParametize" time="2.071" classname="TestCases.LogInParametizedDataProvider"/>
  <system-out/>
</testsuite> <!-- TestCases.LogInParametizedDataProvider -->
