<?xml version="1.0" encoding="UTF-8"?>
<!-- Generated by org.testng.reporters.JUnitReportReporter -->
<testsuite skipped="0" hostname="DESKTOP-FPS6ST8" name="TestCases.LogIn" tests="1" failures="0" timestamp="2021-08-10T14:51:04 GET" time="1.693" errors="0">
  <testcase name="LogInPage" time="1.693" classname="TestCases.LogIn"/>
  <system-out/>
</testsuite> <!-- TestCases.LogIn -->
