<?xml version="1.0" encoding="UTF-8"?>
<!-- Generated by org.testng.reporters.JUnitReportReporter -->
<testsuite skipped="0" hostname="DESKTOP-FPS6ST8" name="TestCases.HomePage" tests="1" failures="0" timestamp="2021-08-10T14:51:04 GET" time="4.015" errors="0">
  <testcase name="basePageNavigation" time="4.015" classname="TestCases.HomePage"/>
  <system-out/>
</testsuite> <!-- TestCases.HomePage -->
